<?xml version="1.0" encoding="UTF-8"?>
<!-- Generated by org.testng.reporters.JUnitReportReporter -->
<testsuite hostname="Pradeepkulal-PC" failures="0" tests="1" name="Sanity.ActivationPopUpTest" time="112.217" errors="0" timestamp="2024-08-08T11:37:27 IST" skipped="0">
  <testcase classname="Sanity.ActivationPopUpTest" name="succeffullyActivateCustomerUser" time="112.217"/>
</testsuite> <!-- Sanity.ActivationPopUpTest -->
