<?xml version="1.0" encoding="UTF-8"?>
<!-- Generated by org.testng.reporters.JUnitReportReporter -->
<testsuite hostname="Pradeepkulal-PC" failures="0" tests="7" name="Automation.Kyce.Login" time="93.624" errors="0" timestamp="2024-05-27T13:09:53 IST" skipped="0">
  <testcase classname="Automation.Kyce.Login" name="domainButtonVerification" time="12.831"/>
  <testcase classname="Automation.Kyce.Login" name="challengesButtonVerification" time="14.523"/>
  <testcase classname="Automation.Kyce.Login" name="whyKYCEEButtonVerification" time="13.953"/>
  <testcase classname="Automation.Kyce.Login" name="aboutUsButtonVerification" time="13.361"/>
  <testcase classname="Automation.Kyce.Login" name="bussinessCassesButtonVerification" time="13.770"/>
  <testcase classname="Automation.Kyce.Login" name="textVerify" time="15.048"/>
  <testcase classname="Automation.Kyce.Login" name="basePage" time="10.138"/>
</testsuite> <!-- Automation.Kyce.Login -->
