<?xml version="1.0" encoding="UTF-8"?>
<!-- Generated by org.testng.reporters.JUnitReportReporter -->
<testsuite hostname="Pradeepkulal-PC" failures="0" tests="4" name="Sanity.ChangePasswordTest" time="1079.757" errors="0" timestamp="2024-08-08T11:37:27 IST" skipped="0">
  <testcase classname="Sanity.ChangePasswordTest" name="VerifyFieldValidationInChangePasswordPage" time="68.291"/>
  <testcase classname="Sanity.ChangePasswordTest" name="VerifyWithIncorrectOldPasswordInChangePasswordPage" time="49.229"/>
  <testcase classname="Sanity.ChangePasswordTest" name="VerifyChangingThePasswordSuccessFullyForFirstTime" time="76.569"/>
  <testcase classname="Sanity.ChangePasswordTest" name="VerifyLogInFunctionalityChangingThePasswordSuccessFullyForFirstTime" time="885.668"/>
</testsuite> <!-- Sanity.ChangePasswordTest -->
