<?xml version="1.0" encoding="UTF-8"?>
<!-- Generated by org.testng.reporters.JUnitReportReporter -->
<testsuite hostname="Pradeepkulal-PC" failures="0" tests="2" name="Sanity.SignUpPageTest" time="27.901" errors="0" timestamp="2024-07-31T11:33:40 IST" skipped="0">
  <testcase classname="Sanity.SignUpPageTest" name="validationOfFirstNameFildTest" time="14.232"/>
  <testcase classname="Sanity.SignUpPageTest" name="validationOfLastNameFildTest" time="13.669"/>
</testsuite> <!-- Sanity.SignUpPageTest -->
