<?xml version="1.0" encoding="UTF-8"?>
<!-- Generated by org.testng.reporters.JUnitReportReporter -->
<testsuite hostname="Pradeepkulal-PC" failures="0" tests="1" name="Sanity.SampleTest" time="30.367" errors="0" timestamp="2024-08-02T10:24:27 IST" skipped="0">
  <testcase classname="Sanity.SampleTest" name="notificationMessageInForgotPasswordPageTest" time="30.367"/>
</testsuite> <!-- Sanity.SampleTest -->
