<?xml version="1.0" encoding="UTF-8"?>
<!-- Generated by org.testng.reporters.JUnitReportReporter -->
<testsuite hostname="Pradeepkulal-PC" failures="0" tests="1" name="Sanity.SampleTest" time="34.877" errors="0" timestamp="2024-08-08T16:47:03 IST" skipped="0">
  <testcase classname="Sanity.SampleTest" name="verifyUsingBloggerLogin" time="34.877"/>
</testsuite> <!-- Sanity.SampleTest -->
