<?xml version="1.0" encoding="UTF-8"?>
<!-- Generated by org.testng.reporters.JUnitReportReporter -->
<testsuite hostname="Pradeepkulal-PC" failures="0" tests="1" name="Sanity.SampleTest" time="86.201" errors="0" timestamp="2024-08-08T12:03:33 IST" skipped="0">
  <testcase classname="Sanity.SampleTest" name="verifyUsingBloggerLogin" time="86.201"/>
</testsuite> <!-- Sanity.SampleTest -->
