<?xml version="1.0" encoding="UTF-8"?>
<!-- Generated by org.testng.reporters.JUnitReportReporter -->
<testsuite hostname="Pradeepkulal-PC" failures="0" tests="8" name="Sanity.SignInTest" time="225.449" errors="0" timestamp="2024-07-30T12:20:04 IST" skipped="0">
  <testcase classname="Sanity.SignInTest" name="navigationToForgotPasswordPage" time="22.071"/>
  <testcase classname="Sanity.SignInTest" name="verifyUsingBusinessUserLogin" time="26.835"/>
  <testcase classname="Sanity.SignInTest" name="verifyUsingBloggerLogin" time="22.418"/>
  <testcase classname="Sanity.SignInTest" name="signInPageNotificationMessageTest" time="33.674"/>
  <testcase classname="Sanity.SignInTest" name="verifyUsingBusinessAdminLogin" time="34.511"/>
  <testcase classname="Sanity.SignInTest" name="signInPageErrorValidationTest" time="30.309"/>
  <testcase classname="Sanity.SignInTest" name="verifyUsingSuperAdminLogin" time="29.843"/>
  <testcase classname="Sanity.SignInTest" name="verifyUsingCustomerLogin" time="25.788"/>
</testsuite> <!-- Sanity.SignInTest -->
