<?xml version="1.0" encoding="UTF-8"?>
<!-- Generated by org.testng.reporters.JUnitReportReporter -->
<testsuite hostname="Pradeepkulal-PC" failures="0" tests="7" name="Sanity.HomePageTest" time="271.778" errors="0" timestamp="2024-07-30T12:20:04 IST" skipped="0">
  <testcase classname="Sanity.HomePageTest" name="HomePage" time="17.357"/>
  <testcase classname="Sanity.HomePageTest" name="verifyFooterTitles" time="19.271"/>
  <testcase classname="Sanity.HomePageTest" name="verifyWhyKYCEETab" time="31.999"/>
  <testcase classname="Sanity.HomePageTest" name="verifyDomainsButton" time="13.758"/>
  <testcase classname="Sanity.HomePageTest" name="verifyAboutUsTab" time="18.952"/>
  <testcase classname="Sanity.HomePageTest" name="verifyBusinessCassesTab" time="97.946"/>
  <testcase classname="Sanity.HomePageTest" name="verifyChallengesTab" time="72.495"/>
</testsuite> <!-- Sanity.HomePageTest -->
