<?xml version="1.0" encoding="UTF-8"?>
<!-- Generated by org.testng.reporters.JUnitReportReporter -->
<testsuite hostname="Pradeepkulal-PC" failures="0" tests="7" name="Sanity.HomePageTest" time="232.879" errors="0" timestamp="2024-08-08T11:37:27 IST" skipped="0">
  <testcase classname="Sanity.HomePageTest" name="verifyDomainsButton" time="11.352"/>
  <testcase classname="Sanity.HomePageTest" name="verifyFooterTitles" time="22.805"/>
  <testcase classname="Sanity.HomePageTest" name="verifyBusinessCassesTab" time="89.438"/>
  <testcase classname="Sanity.HomePageTest" name="verifyChallengesTab" time="53.248"/>
  <testcase classname="Sanity.HomePageTest" name="HomePage" time="14.029"/>
  <testcase classname="Sanity.HomePageTest" name="verifyWhyKYCEETab" time="30.114"/>
  <testcase classname="Sanity.HomePageTest" name="verifyAboutUsTab" time="11.893"/>
</testsuite> <!-- Sanity.HomePageTest -->
