<?xml version="1.0" encoding="UTF-8"?>
<!-- Generated by org.testng.reporters.JUnitReportReporter -->
<testsuite hostname="Pradeepkulal-PC" failures="0" tests="2" name="Sanity.AddUserPageTest" time="79.833" errors="0" timestamp="2024-07-31T11:20:00 IST" skipped="1">
  <testcase classname="Sanity.AddUserPageTest" name="succeffullyCreatingNewUserTest" time="79.833"/>
  <testcase classname="Sanity.AddUserPageTest" name="fieldValidationTestInGeneratePasswordPage">
    <skipped/>
  </testcase> <!-- fieldValidationTestInGeneratePasswordPage -->
</testsuite> <!-- Sanity.AddUserPageTest -->
