<?xml version="1.0" encoding="UTF-8"?>
<!-- Generated by org.testng.reporters.JUnitReportReporter -->
<testsuite hostname="Pradeepkulal-PC" failures="0" tests="14" name="Sanity.SignUpPageTest" time="265.195" errors="0" timestamp="2024-08-08T11:37:27 IST" skipped="0">
  <testcase classname="Sanity.SignUpPageTest" name="verifyCompanyCreationUsingAlreadyUsedPhoneNumber" time="17.620"/>
  <testcase classname="Sanity.SignUpPageTest" name="validationOfCreatingNewCustomer" time="22.979"/>
  <testcase classname="Sanity.SignUpPageTest" name="existingCompanyNameTest" time="19.617"/>
  <testcase classname="Sanity.SignUpPageTest" name="creatingCompanyWithValidGSTIN_Number" time="24.069"/>
  <testcase classname="Sanity.SignUpPageTest" name="validationOfFirstNameFildTest" time="13.977"/>
  <testcase classname="Sanity.SignUpPageTest" name="valiationOfCompanyNameField" time="20.227"/>
  <testcase classname="Sanity.SignUpPageTest" name="CreationOfCompanyUsingAlreadyExistingCIN_Number" time="19.694"/>
  <testcase classname="Sanity.SignUpPageTest" name="validationOfYesOrNoTest" time="17.219"/>
  <testcase classname="Sanity.SignUpPageTest" name="verifyCompanyCreationUsingAlreadyUsedEmail" time="18.526"/>
  <testcase classname="Sanity.SignUpPageTest" name="validationOfEmailFeildTest" time="13.694"/>
  <testcase classname="Sanity.SignUpPageTest" name="verifyCustomerCreationUsingAlreadyUsedEmail" time="21.432"/>
  <testcase classname="Sanity.SignUpPageTest" name="verifyCustomerCreationUsingAlreadyUsedPhoneNumber" time="18.962"/>
  <testcase classname="Sanity.SignUpPageTest" name="CreationOfCompanyUsingAlreadyExistingGSTIN_Number" time="21.664"/>
  <testcase classname="Sanity.SignUpPageTest" name="validationOfLastNameFildTest" time="15.515"/>
</testsuite> <!-- Sanity.SignUpPageTest -->
