<?xml version="1.0" encoding="UTF-8"?>
<!-- Generated by org.testng.reporters.JUnitReportReporter -->
<testsuite hostname="Pradeepkulal-PC" failures="0" tests="7" name="Sanity.DashBoardTest" time="221.733" errors="0" timestamp="2024-08-08T11:37:27 IST" skipped="0">
  <testcase classname="Sanity.DashBoardTest" name="verifyVerificationsCard" time="40.693"/>
  <testcase classname="Sanity.DashBoardTest" name="verifyVerificationCountUsingBusinessUserLogin" time="31.281"/>
  <testcase classname="Sanity.DashBoardTest" name="verifyVerificationCountUsingBusinessAdminLogin" time="21.672"/>
  <testcase classname="Sanity.DashBoardTest" name="validationOfNavigationMenu" time="26.734"/>
  <testcase classname="Sanity.DashBoardTest" name="verifyCreditsAvailableCard" time="28.504"/>
  <testcase classname="Sanity.DashBoardTest" name="verifyVerificationCountUsingCustomerLogin" time="23.087"/>
  <testcase classname="Sanity.DashBoardTest" name="validationOfTourFunctionalityInDashBoardForCustomer" time="49.762"/>
</testsuite> <!-- Sanity.DashBoardTest -->
