<?xml version="1.0" encoding="UTF-8"?>
<!-- Generated by org.testng.reporters.JUnitReportReporter -->
<testsuite hostname="Pradeepkulal-PC" failures="0" tests="1" name="Automation.Kyce.LoginPageTest" time="95.098" errors="0" timestamp="2024-06-12T11:57:22 IST" skipped="0">
  <testcase classname="Automation.Kyce.LoginPageTest" name="loginPage" time="95.098"/>
</testsuite> <!-- Automation.Kyce.LoginPageTest -->
