<?xml version="1.0" encoding="UTF-8"?>
<!-- Generated by org.testng.reporters.JUnitReportReporter -->
<testsuite hostname="Pradeepkulal-PC" failures="0" tests="2" name="Sanity.AddUserPageTest" time="157.991" errors="0" timestamp="2024-08-08T14:08:59 IST" skipped="0">
  <testcase classname="Sanity.AddUserPageTest" name="succeffullyCreatingNewUserTest" time="81.495"/>
  <testcase classname="Sanity.AddUserPageTest" name="fieldValidationTestInGeneratePasswordPage" time="76.496"/>
</testsuite> <!-- Sanity.AddUserPageTest -->
