<?xml version="1.0" encoding="UTF-8"?>
<!-- Generated by org.testng.reporters.JUnitReportReporter -->
<testsuite hostname="Pradeepkulal-PC" failures="0" tests="1" name="Sanity.SampleTest" time="54.211" errors="0" timestamp="2024-08-08T16:50:02 IST" skipped="0">
  <testcase classname="Sanity.SampleTest" name="verifyUsingBloggerLogin" time="54.211"/>
  <system-out/>
</testsuite> <!-- Sanity.SampleTest -->
