<?xml version="1.0" encoding="UTF-8"?>
<!-- Generated by org.testng.reporters.JUnitReportReporter -->
<testsuite hostname="Pradeepkulal-PC" failures="0" tests="2" name="Sanity.AddUserPageTest" time="171.859" errors="0" timestamp="2024-08-08T15:00:47 IST" skipped="0">
  <testcase classname="Sanity.AddUserPageTest" name="succeffullyCreatingNewUserTest" time="100.331"/>
  <system-out/>
  <testcase classname="Sanity.AddUserPageTest" name="fieldValidationTestInGeneratePasswordPage" time="71.528"/>
  <system-out/>
</testsuite> <!-- Sanity.AddUserPageTest -->
